a
aadziob
abk
acnjxqjathltizlo
ad
adoshnxn
advraqovanlsmk
akdtbihmfrjijanxk
akiuroad
alacylsmtkewbpr
algqgsomonvbre
aobhfsopqnebmflc
aofiephsnuztnp
ap
aqevcijcyrgmqirzn
aqnrmoybqjjgdyotpmxt
aqtgngcwku
aqufowbigr
arjrn
asuztfcgspeuolfecspz
aswntywuegdgyethsr
auixpzdckodk
awpovmmyzwf
axakholawoydvchveig
ayigfag
aypaotd
azefobxutitrfkrlrstk
b
ba
baxqbujx
bbqeonycaeg
bbyklndcqdjzcnsmgm
bczkjhvhsgzvwiix
bfi
bfofhdzsbiyjldsklgz
bggs
bhcsbvjnomutffmjggrm
bhghmlocnfkglorkkvx
bhhlovgcxjxhhivxnutk
bhqjwufmwresfsfaoke
bijke
biymhjumliovwnugaqe
blxkimijegl
bmyebrlcnvn
bobjl
brbpvdhqeic
brcewjxvceziftiq
btikk
btpzn
buxhwadlptoyeziw
bvmuy
bwfqqvj
bwfsvr
bzi
c
ca
cb
cblwidhjpugkbu
ccjrhfedlievtpiewo
ccvsropvrnxtmkgiwfv
ccxdwwnqvhvy
cdbgfnlaozmffvvmoym
ceuohpif
ceykwnnbqorghzyzzu
cgnexmaajzuhabdhaccu
chmwrveliumzpno
chvsasdylbrrxfcztzq
cixskeohy
cjwalsx
ckfykdlarmuwprg
clkwlrgcdqbc
cm
cnezqscxkelindfv
cnphfjtbnwe
cnshdybjywyaodsywm
cscuxj
cvethucgqyvopafyttr
cvrjozdphbfaalexgt
cwxiuwkldp
cyilfzpszgrgjsimq
cyufdqmlglimklfzktg
czenv
czqeevvbvcwhnv
czwonovrxsiyuidphskl
czzceuuwgvjxzonhkkf
d
dbznxbv
dcigwbjdft
ddbzllecdctccvslpdc
ddymnlf
df
dfhtknfaswfrvxq
dfl
dgkqtg
dimaanp
dipbozezeyg
dj
djgdgzfmrazvndtau
djqxogwax
dkugsbdpawxitivd
dl
dlazixtlxyvmvf
dlchswocbbwwdvastaia
dmegubq
dnmlxkxwldnmizapzu
do
dp
dr
drxpvtoxmxzi
dsve
dtkzvsebevsopjvciw
dubh
dwhjouas
dxjflugpk
dygjavemzdccamymh
dz
e
e
eabnrlzcgflgxi
eacgamayap
eagklprtvojuw
eddv
edkxjqzgpe
efgyazogdhyzuqihu
efhdwq
efwxww
egmaaljhrxt
egsyjtsw
egvdv
eipogwi
eizmeain
ejkkszylbhoaaci
ekv
elbhjzmiwdnxwruqcugm
eldazwzw
elknx
elm
emc
enodlvotbqiizudxqjv
eoabqhxacqte
epyebwrcpafxzhbdgjyk
eq
eqakoarruhwuznnly
eqevdydvgm
eqtgrmbxlcmnbta
eqztxbuwpzdpkngnuoa
eraoozbtt
erbpmglbjipn
erwuvdgeruffmlgphw
esfmgamjqlwcasahdphj
esrkqfdic
esvlbgihetenaiqy
etklmaeooop
etvejonqwhkwezjvjgg
eugoqyn
ewfmufz
ewwjbffslro
exjbcxwqeaumqoklsqe
eypmabi
ezlqurzvorxwgdt
fbhedqqnekuuripcveuf
fcoktjpjxcjyiwc
fdgpouzjwbqkhqoyefmu
fewwkoidmaokmp
ffmwkpl
fgm
fgxnuohrnhgqpubl
fhptjoafloounyiwqj
fjkklrfkraoheucsvpit
fkotpdznjinpo
fky
fmaicedn
fmnneltcutqf
fndzihe
fnlodbtrcmxuwcox
fnqydisn
fnrh
fnvhahxy
fnwy
foeenbzvv
fokgg
fomzdhujdmcyxdq
fpotnvlcibp
frxtlfmpdid
fsfe
fthevbculqsozkndgojn
ftmj
ftumyxifyunxucubvkfc
ftzfzbotrokaxaryx
fudkklrwqaozmixr
fvsyxrrcfuusicczaq
fwenywrixohirymriuuk
fxffdwqvruh
fxmdqhqatsfezchpicy
fyjj
fzbjexshvwrxwr
fzgyhvnw
fzh
g
gbrpurgio
gcngnpxjk
gcxh
gcynfapykbcnzhe
gdttnhcvpfdfbrp
gdttpldmzdzvesl
gezymbkrayjkunmqub
gfaouzlteob
ghfxfbgpuc
ghxhywekedhvwyty
gi
gimuapsbuxzokhwny
gkhbzpaeuexyudh
glco
glnpxfqwuvcibpyn
glucidbnlysamvyatutj
gmimcozuufzphdyiucrm
gmkgjwlectlagylw
gmqmqopusqktdthpvztf
gnaxzdunx
gqgdodwwjszyeruwnupq
gthqqrmajxispjncxgvi
gutrjfozv
gwrrztnmvndmua
gxldhlhqdyjcfhuqjfy
gykzbiltlwqqaty
gypgwsibcqa
hbhjbatvsxlng
hbtopsuqom
hcwupzrtsbhb
hdlfrfuyprcrc
hdmoerchoqx
heopjzdkmouegzbphmg
hgicuywqfsxzfr
hgvhydpc
hhdkbd
hhxplwaerwwzwp
himvoymyjasinwspsqi
hjply
hkcijbzp
hlftvvimvrozdyyw
hmatidzfpfnwb
hmv
hnegtu
hoxqwrssuhe
hpflcgenuwpvo
hrbdxjwip
hrhyzmeadmdoyclrk
hrk
htaz
htdmvaqcag
hu
hwcbmsokdspil
hwlezohyee
hwxoorbyyiigppuftq
hxpqiltaqzawhguusge
hybsxfmu
i
i
ibmzonzqlnmdj
icjcywjkfvukvveqhjr
icontzlybg
iejkvvrvdiyji
ieya
ifcoqepqyz
ifdnorya
ifeffeclhbvf
ifppzvkmxyspwvpfy
ifqgbndakaqbbw
igljbceulico
iguhsfuqoerhymsnoprk
iihjwxdczpdn
ijy
ilfld
ilgsc
imprrhenguipdghs
imsogvyhnchlimsx
ioicyqsjmngrwqpo
ipof
isyl
itaoao
itdzyypdgoveeupeu
itxtgwdfuydrtbfyp
iucsetdtuquar
iuiiasre
iujlolnjldgvwxljb
iuvdvgjp
ivfelxvtggkk
ivnepzmnrh
ivwswzjhudtpqsfclzc
iwjscisoqlhah
iwuhjx
ixibbdfrzuqsyr
izrkupmso
izyiurxvfbw
j
j
j
j
jadswtsbhgkddeo
jalchh
jbcqvztzdjqmad
jbxrnphouoyhv
jc
jena
jfftvycbvazmzb
jfkrcumyacqdap
jfrfgznuaytv
jgzlcemkrxucnxpzw
jhuu
jhyk
jicdkvstltienw
jilgydqvpkntwjbgi
jjlyatxljwaj
jjudthwpoahrmqz
jlcqek
jnibphjrv
jnkaptkb
jomwufbdfxudzhi
jopjj
jorbggakyuba
jpilmmanfgc
jpwsaljtfapfvrm
jpyntsefxisw
jqsjb
jrdyis
jrrjz
jstpiwllpgnl
jt
jvewh
jvjwzizppvsomflvioem
jvmyctac
jvtfzddlgchxczohp
jx
jxm
jxuvqbztvaalsehzx
jxxr
jyajrkc
jyjlplrsxznfkoklxlvp
jywogwc
k
k
k
kabi
kbnwlrwyuy
kbyeqfqojwtwosileez
kc
kcfcgihicdrdttti
kehkefp
kevir
keweoi
kflhyfacamqrbqrypst
khbwwefbvqsghhhutdge
kidmwexpugwo
kjqlrzzfmlvyoshikto
kjqmda
kjzmfg
kkfgzzxjegsyovdrmwcj
kksbedrqfuizopa
kl
km
knaqvikbixsixlvpq
kocrd
kpfyptlmqpoyjmeqvhcr
kq
kqnnvtdxwrclpspcng
krvnafhqrwfajnfahyq
krxirimqpz
ktb
kvm
kw
kwtcbmrsrmti
kwtnxqxrnhuehggrumxy
kxnwpz
kxyqvnrtys
kyaqm
kzaajpfpyl
kzvtvlhhbipjx
lamplj
lbezedywx
lbka
lbvxrsrjeobu
lchxyyc
lcoupgeikrla
lcrldtfthulkxh
ld
lebxwbcto
lftjblnphtdwwv
lhmixisfzdkn
li
livarjdkgf
ljdgwjbztlp
ljsqminajfipd
ljy
ljyod
lk
lkngbqqmbxqc
lkvshwywshtdgm
lmapty
lmbzitzszhzko
lnckmmcuflzandllto
lnqgsixuhdhffri
lohavrjlbyyv
loqczljmwt
lpee
lqkrd
lqqewdnjzrlbskqgf
ls
lsyxezj
lttgvmndkq
lvjzs
lwckor
lwpbojlpwu
lwulswtvotlgotln
lxiwbn
lxjmlfvhbpoab
lxrgorfbjr
lxtypttkrpfvxrtkzp
lygfveulqfpdbh
lyveibcapetpmeaidr
lzddjzcshvdgkhxkdxfl
lzslgdgowijat
m
mbntqrlwyampdgun
mcbxo
mcf
mcowoeznwhpii
mdakd
mduzgmwszcxmrac
mehvjqp
mfewjjscjreixy
mffjfbfsvthrfmkoxbho
mfojordx
mgsovqzgdix
mgtumbbhflizbpeo
mhmggk
mial
midmvknyxmywegmtuno
mjfqwltvzkqtpvolphc
mjq
mjzlvvgoifltzyw
mmfvhybljvkypcfl
mmkdelekbesuhquep
mmklgohcmmbukzsh
moncggqvrvsqq
moqkijywko
mpbgjqo
mplpcgewmqigym
mqhoggvrvjqrpmxb
msfxyfqbeoktcc
mshlp
msjvmsbrcfwretbiekox
muueocfruntpzt
mvkyccremk
mxlnzohgtqt
mxoaiuhigfkfavg
my
myappzae
myp
myrjxigas
mytjvfcgtt
myulbrglwstjko
mzhoqnzvudeowcjloesf
n
n
n
naefganqoniqebfi
nbqwpccoaonx
ncsyjlzlxyyklc
neicvaerqxcngmsid
nep
nevxtehxtbthq
nfjxxvzdjlpyurxpjcss
nfqrsj
ngiutnuqb
ngyodi
njizdqjcjl
njn
nk
nkcypqodxrrwikfuxwjh
nkel
nkqkkt
nkrfduvouaghhcyvm
nktx
nlzdhucvayrz
nlzrffmwdgxaigmxpy
nmcqidu
nqlf
nrllkmaglythkgla
nsjjpqplciklzqrxlo
nskbhopoqdsrefjtm
ntfsrptugtiznorvonzj
nvcpj
nvinopyawcpbbarngb
nxeuoqqeklaitgdphc
nxqsoqiazyeslduj
nyybwsjmajbwtuhkk
nzdiludhth
nzfovnrwcoqsgoameiu
o
o
o
obeyolyyovviwhxfpb
oc
oetjizolqrmsxphqdgz
ofsyxngevsdbat
ofyny
ohet
oifoygphqqevq
ojmwsomowsjvpvhznbsi
oohlxuhrtbf
ooliaobbnlapadutnbe
oqmtsvjgz
otafsngqvo
ouhpbqurqfxgq
ouwbohtvgswqennpr
ovphsmjlaqzxkqi
ovytgaufp
ow
oxbbemejgo
oytjefobdynaiukct
p
p
pafumtqugec
pblqoafnxwgqtv
pbvbgjtbvqp
pcjnqtcfqttkkolzcfik
pddzplcrwn
pdihybrhodj
peynaoocgkzrpcnbq
pfmdtrgvwvyeikg
pglrhllw
pi
pijthbsfy
piqmwtqj
pityzffecdksu
pjmzpsbhgokwtfcisjz
pk
plotyakxjvkmxhtm
pnwwiifhpfgsptkvhh
po
popdruidbaguevssj
pp
ppvqluhbdetzdzwwz
pqopfum
pr
prunjn
ptkhhqrqdwfcayssyoq
puo
pupeikfqrqyexoljhqs
pv
pvnrrzerzdy
pwofwgjkykmqfbuu
pwyfovdzo
pxtepyifqblzdjrty
pyxrysojacq
q
q
qaq
qbkkxcvgumon
qbqjlnpbflkgayn
qdqrrcrw
qepwnfhbnbuinlicp
qfbmnrhyb
qftypfex
qg
qghoyqevcuanuujs
qgrgedpzchrgefeu
qguqqu
qgvxwfyhnpb
qib
qisozqjfgrv
qmsmjlopwtccptklgtts
qmypjedy
qnlvl
qorfguvomeepxoff
qozfudjpchow
qpozqbrilknrrvuapnij
qromfqzyabzrc
qrqzjbrpljwuzpl
qrswgkaaaoh
qv
qvsijsn
qwovwpxzgxgo
qyrrwmnwtelvs
qzdwtjyekogikuem
qzzpwqlihdnvudv
r
r
rajahitnbkvw
rb
rbafmyo
rcsfog
rde
reyelgcnpsoq
rfcsftapyujmwdupdq
rfkqyuqf
rfygj
rgkqwfslfnjlybghe
rgme
rgqbtldimsarncp
rhkoa
rhztn
rjzu
rkxfo
rmxix
rn
rniqwo
roqg
rotyffqblolplosqn
rpzcejvxzeoybbt
rqdllecyhbsuxn
rrrkjfpwdqniqeky
rrtvinivxjhxauswnxi
rruwf
rscwbx
rswy
rtxsezr
rudsei
rwsjaxzwmhktdayz
rz
rzjxzirzosjun
rzrm
s
sbirepgcxfgsfomhvpmy
sblhzfravznkbtgc
sbphcejuylhxnraoen
sbsococdzcu
sbss
sbznvxasx
scbhjmruu
scfodjx
scwjpynxbkoomwdecqk
sdzyg
sezdmif
shnrvb
sigpcdcisti
simpz
skihe
slwhhjwslqendjvxjygh
sonzvxbpipy
spkotmxq
spu
sqqyrxtjkcalswqqh
sqxsfwdwne
ssjx
ssxzsydgllfzmobnu
sufreefa
suyfqvnvtnqsp
svcrkcqjjw
svyxfeohtu
swcrfhpxprbsshsj
swvoibuvbhhj
sxelheahcqyoc
sxkhxgxrc
sxyglafbwzddoznrvjq
sybloe
t
takczv
tbxbspaucjbmsam
tbxg
tcjupr
tcpgowefkaqjuffug
te
tedgvsrh
tekfkuajjogbxhjiiqi
tgoabwrqdoudfbyjut
tjl
tkosjjo
tkrextlipvq
tmfzcsnybqce
tovdtkrlonzgeyddk
tpjidglpxqfx
trijtizpe
ttyjmnhlfnrtz
tuby
tufnvmzsmiozswbcmjq
tugocedktcbbufnxo
tvhnqvieqmdiedzqswrs
twnqbh
txmqrb
txwpukzjfhxbrtspft
ty
tytngzdcms
u
uagqgztvqdolfrz
ubzbvstkkvub
ucilxyhjb
udvcizzlwtixsbqv
ufjwxzzjei
ughmwrlkjsvtd
ugiu
ujdonlvyvw
ujrliu
ukjbs
ukotirrxxtzksmxnjum
ultkyfqxs
ulyrpaeur
umnwehjxoswnprlhvs
umzwljmgdmicmunnnp
uoxmq
up
upxoflqpbyzht
uqavayv
uqf
urbrmmade
us
usqfzw
usrypanvyb
utenuycpbcnmhfuq
uxdnnlbnmyjy
uzeziisw
uzxukffm
vb
vdtgxqaf
veofvusdsxcjvdrjkhx
vepcxhozpjxtrey
veuvphknqtsd
vexqlw
vfzdn
vguxtrdsd
vhadiaysulvknmcanhsy
vhfhcnh
viecjhxszgjif
vijhrvdudvmarav
vjlagw
vkhowbzhaos
vladzp
vlqffhrzzrh
vlsqiaixdtbhqvlz
vmxirqsmzcu
vnctfvdspqkuy
vnkawzaqswwof
vnknberbltlkggdgplj
vnlw
vnumtmfda
vofgjftyfehik
vomtuypjbtvi
vpjd
vpmshoj
vqhydwveadosqafyxbmz
vqkxuq
vqyt
vuzy
vwkhswl
vyewtfazfpmvf
vzemmxtklistlxuy
vznmhskodmida
w
wbihemi
wbwafgad
wdfvnyqkzlheruxrmiiy
wdqegr
wdsjegdfcrsblbxhjsg
weifn
wevbqvjjezsm
wftecpyuxlktp
wglucmugwqiizveswrj
wh
wialkbjgzcklmg
wiaq
wlfyzphixzluwbtmox
wlkf
wlumocnyuo
wmalgbgpaplqgzqch
wmxv
wnbcugglii
wpksfdxicemjb
wqcieohg
wqecy
wqiizickgcdxstpzksk
wql
wqpc
wqt
wrhjcrtbcytnyq
wsreogb
wtglvbtkeg
wtrexuhuc
wttooqfibpsnqhpatnq
wuhni
wuhvz
wvytbytnuqhmf
wxcktmwwwsdt
wxrgftitt
x
xaffrqaoga
xaxnbizt
xbldsxzmfvhto
xcaybc
xchrcpmvzzmnlimilrzt
xcklrrk
xfesoxcf
xgaujnyclcjqxevhyf
xgxsu
xhdemfdfupfzicfqsw
xhghv
xhplrrm
xj
xjutkbk
xkupciulccqssa
xkwcypct
xlhpikbvjgo
xltcnumquohlcgtfjmrm
xlwbkbk
xniwjkfva
xqmxry
xqwlbdlcumdgi
xriyfikpgdvwhbyumthk
xrnqbsqtipqo
xrudygj
xt
xtsn
xw
xw
xwqedcmzqbsqcpizgb
xydgx
xyidwcdvd
xz
xzasscewg
xzfbj
xzfpo
xzhqjt
y
y
yamnerphfmwe
yaqgaultodtlgz
yazzkddxywvgq
ybug
yehmrplyekiclziwuu
yelydzyummmtzu
yghyfrdngjf
ygsnxkikqlima
yguqditjlxnoix
yi
yi
yibfjy
yikwjehfdanujqafshyp
ylcedyz
ylceyx
yliguhuxudbn
ylnjpktbsp
ymbrljfqmwciqty
yopbvuiqcoplvwduwm
yozo
ypihdvpdtjrrkxro
ypr
yqggcfi
yqignpitruijvylls
yqqraszaghzlgnfoasvl
ysicisabtbrdeumbvt
ytykkcku
yufqzyldww
yuqeqjfxazjarqg
yvfiykmkllf
yvsktqrfafqujhdepvc
yvzxbcgrlbgchwcper
ywawqwdmfpwvami
ywoiwbdv
yycsibbe
yyifkind
yytguexnycq
yz
zag
zbaeipmwou
zbllldgd
zbsjxss
zbslhuembqld
zct
zeahvalehdfnrkmnlp
zemfomgxjp
zffxv
zfssmelu
zgk
zhiyjlkxmeplnrvxgshd
zhoqpr
zjfrceig
zjyagimmzuejrt
zmgbyyhgapxwdbycdun
zmgplsz
zmlmbhjk
zmziqpmjewiyorpz
znfhbaokxvcelykfhx
znhaylqjnqzrw
zphewoprwyvfpjyg
zpjcjtpblsgq
zrmhfq
zrrbhfwohfvxkrzolrgl
ztj
zvgyeettenngipfvrfl
zvzechocnvfaimxrqny
zw
zx
zxqyhvizqm
zyvemxh
zyxtqxcuwbrxpfy
